#
# There is insufficient memory for the Java Runtime Environment to continue.
# Native memory allocation (malloc) failed to allocate 556256 bytes for Chunk::new
# Possible reasons:
#   The system is out of physical RAM or swap space
#   The process is running with CompressedOops enabled, and the Java Heap may be blocking the growth of the native heap
# Possible solutions:
#   Reduce memory load on the system
#   Increase physical memory or swap space
#   Check if swap backing store is full
#   Decrease Java heap size (-Xmx/-Xms)
#   Decrease number of Java threads
#   Decrease Java thread stack sizes (-Xss)
#   Set larger code cache with -XX:ReservedCodeCacheSize=
#   JVM is running with Unscaled Compressed Oops mode in which the Java heap is
#     placed in the first 4GB address space. The Java Heap base address is the
#     maximum limit for the native heap growth. Please use -XX:HeapBaseMinAddress
#     to set the Java Heap base and to place the Java Heap above 4GB virtual address.
# This output file may be truncated or incomplete.
#
#  Out of Memory Error (./src/hotspot/share/memory/arena.cpp:197), pid=8092, tid=5260
#
# JRE version: OpenJDK Runtime Environment (11.0.10) (build 11.0.10+0-b96-7249189)
# Java VM: OpenJDK 64-Bit Server VM (11.0.10+0-b96-7249189, mixed mode, tiered, compressed oops, g1 gc, windows-amd64)
# No core dump will be written. Minidumps are not enabled by default on client versions of Windows
#

---------------  S U M M A R Y ------------

Command Line: --add-opens=java.base/java.util=ALL-UNNAMED --add-opens=java.base/java.lang=ALL-UNNAMED --add-opens=java.base/java.lang.invoke=ALL-UNNAMED --add-opens=java.base/java.util=ALL-UNNAMED --add-opens=java.prefs/java.util.prefs=ALL-UNNAMED --add-opens=java.prefs/java.util.prefs=ALL-UNNAMED --add-opens=java.base/java.nio.charset=ALL-UNNAMED --add-opens=java.base/java.net=ALL-UNNAMED --add-opens=java.base/java.util.concurrent.atomic=ALL-UNNAMED -Xmx2048m -Dfile.encoding=UTF-8 -Duser.country=TR -Duser.language=tr -Duser.variant org.gradle.launcher.daemon.bootstrap.GradleDaemon 7.0.2

Host: Intel(R) Core(TM) i5-10210U CPU @ 1.60GHz, 8 cores, 3G,  Windows 10 , 64 bit Build 19041 (10.0.19041.1706)
Time: Wed May 25 14:52:22 2022 Türkiye Standart Saati elapsed time: 112.902318 seconds (0d 0h 1m 52s)

---------------  T H R E A D  ---------------

Current thread (0x00000259feff3000):  JavaThread "C2 CompilerThread0" daemon [_thread_in_native, id=5260, stack(0x000000ec19500000,0x000000ec19600000)]


Current CompileTask:
C2: 112906 13393 %     4       javax.management.ObjectName::construct @ 822 (1135 bytes)

Stack: [0x000000ec19500000,0x000000ec19600000]
Native frames: (J=compiled Java code, j=interpreted, Vv=VM code, C=native code)
V  [jvm.dll+0x5ecfaa]
V  [jvm.dll+0x722bd5]
V  [jvm.dll+0x72412d]
V  [jvm.dll+0x7247e3]
V  [jvm.dll+0x242928]
V  [jvm.dll+0xbc4fc]
V  [jvm.dll+0xbca0c]
V  [jvm.dll+0x2b4fd4]
V  [jvm.dll+0x506028]
V  [jvm.dll+0x1fc985]
V  [jvm.dll+0x1fa77f]
V  [jvm.dll+0x18354c]
V  [jvm.dll+0x208ee7]
V  [jvm.dll+0x207731]
V  [jvm.dll+0x6eb1cf]
V  [jvm.dll+0x6e3d45]
V  [jvm.dll+0x5ebe96]
C  [ucrtbase.dll+0x21bb2]
C  [KERNEL32.DLL+0x17034]
C  [ntdll.dll+0x52651]


---------------  P R O C E S S  ---------------

Threads class SMR info:
_java_thread_list=0x0000025987bd1020, length=68, elements={
0x00000259e6b8c000, 0x00000259fefcb000, 0x00000259fefcd000, 0x00000259fefe9800,
0x00000259fefea800, 0x00000259fefee000, 0x00000259feff3000, 0x00000259feff8800,
0x00000259fefff000, 0x00000259ffa97800, 0x0000025983740800, 0x0000025982cc7800,
0x0000025983e8b800, 0x0000025982b01800, 0x000002598307c000, 0x00000259837a8800,
0x000002598321f800, 0x0000025984332000, 0x0000025983c53000, 0x0000025983c55000,
0x0000025983c54000, 0x0000025983c55800, 0x0000025983c56800, 0x0000025983c57800,
0x0000025983c51800, 0x0000025983c58000, 0x0000025983c52800, 0x0000025985e98000,
0x0000025985e99800, 0x0000025985e98800, 0x0000025985e94000, 0x0000025985e96800,
0x0000025985e9b000, 0x0000025985e95800, 0x0000025985e9d000, 0x0000025985e9c000,
0x0000025985e97000, 0x0000025985e9f000, 0x0000025985e9d800, 0x0000025985ea0000,
0x0000025985e9e800, 0x0000025985ea1000, 0x0000025985ea2800, 0x0000025985ea1800,
0x0000025986a62000, 0x0000025986a61800, 0x0000025986a60800, 0x0000025986a63000,
0x0000025986a63800, 0x0000025986a64800, 0x0000025986a5f000, 0x0000025986a65800,
0x0000025986a5f800, 0x0000025986a68800, 0x0000025986a69800, 0x0000025986a6a800,
0x0000025986a6b000, 0x0000025986a6c000, 0x0000025986a67000, 0x0000025986a66000,
0x0000025986a6c800, 0x0000025986a6d800, 0x0000025982c4f800, 0x0000025982c4d000,
0x0000025982c52000, 0x0000025982c4e000, 0x0000025982c4e800, 0x0000025982c4c000
}

Java Threads: ( => current thread )
  0x00000259e6b8c000 JavaThread "main" [_thread_blocked, id=15784, stack(0x000000ec18900000,0x000000ec18a00000)]
  0x00000259fefcb000 JavaThread "Reference Handler" daemon [_thread_blocked, id=9032, stack(0x000000ec19000000,0x000000ec19100000)]
  0x00000259fefcd000 JavaThread "Finalizer" daemon [_thread_blocked, id=5656, stack(0x000000ec19100000,0x000000ec19200000)]
  0x00000259fefe9800 JavaThread "Signal Dispatcher" daemon [_thread_blocked, id=7104, stack(0x000000ec19200000,0x000000ec19300000)]
  0x00000259fefea800 JavaThread "Attach Listener" daemon [_thread_blocked, id=3480, stack(0x000000ec19300000,0x000000ec19400000)]
  0x00000259fefee000 JavaThread "Service Thread" daemon [_thread_blocked, id=12364, stack(0x000000ec19400000,0x000000ec19500000)]
=>0x00000259feff3000 JavaThread "C2 CompilerThread0" daemon [_thread_in_native, id=5260, stack(0x000000ec19500000,0x000000ec19600000)]
  0x00000259feff8800 JavaThread "C1 CompilerThread0" daemon [_thread_in_vm, id=14984, stack(0x000000ec19600000,0x000000ec19700000)]
  0x00000259fefff000 JavaThread "Sweeper thread" daemon [_thread_blocked, id=1916, stack(0x000000ec19700000,0x000000ec19800000)]
  0x00000259ffa97800 JavaThread "Common-Cleaner" daemon [_thread_blocked, id=11920, stack(0x000000ec19800000,0x000000ec19900000)]
  0x0000025983740800 JavaThread "Daemon health stats" [_thread_blocked, id=2128, stack(0x000000ec19b00000,0x000000ec19c00000)]
  0x0000025982cc7800 JavaThread "Incoming local TCP Connector on port 62940" [_thread_in_native, id=16420, stack(0x000000ec19c00000,0x000000ec19d00000)]
  0x0000025983e8b800 JavaThread "Daemon periodic checks" [_thread_in_vm, id=12328, stack(0x000000ec19d00000,0x000000ec19e00000)]
  0x0000025982b01800 JavaThread "Daemon" [_thread_blocked, id=16672, stack(0x000000ec19e00000,0x000000ec19f00000)]
  0x000002598307c000 JavaThread "Handler for socket connection from /127.0.0.1:62940 to /127.0.0.1:62941" [_thread_in_native, id=10360, stack(0x000000ec19f00000,0x000000ec1a000000)]
  0x00000259837a8800 JavaThread "Cancel handler" [_thread_blocked, id=18204, stack(0x000000ec1a000000,0x000000ec1a100000)]
  0x000002598321f800 JavaThread "Daemon worker" [_thread_blocked, id=14776, stack(0x000000ec1a100000,0x000000ec1a200000)]
  0x0000025984332000 JavaThread "Asynchronous log dispatcher for DefaultDaemonConnection: socket connection from /127.0.0.1:62940 to /127.0.0.1:62941" [_thread_blocked, id=16984, stack(0x000000ec1a200000,0x000000ec1a300000)]
  0x0000025983c53000 JavaThread "Daemon client event forwarder" [_thread_blocked, id=9396, stack(0x000000ec1a400000,0x000000ec1a500000)]
  0x0000025983c55000 JavaThread "Cache worker for file hash cache (C:\Users\LENOVO\AndroidStudioProjects\java1\caches\7.0.2\fileHashes)" [_thread_blocked, id=10856, stack(0x000000ec1ab00000,0x000000ec1ac00000)]
  0x0000025983c54000 JavaThread "File lock request listener" [_thread_in_native, id=9524, stack(0x000000ec1ac00000,0x000000ec1ad00000)]
  0x0000025983c55800 JavaThread "Cache worker for journal cache (C:\Users\LENOVO\AndroidStudioProjects\java1\caches\journal-1)" [_thread_blocked, id=976, stack(0x000000ec1ae00000,0x000000ec1af00000)]
  0x0000025983c56800 JavaThread "Cache worker for file hash cache (C:\Users\LENOVO\Desktop\InstaClone\.gradle\7.0.2\fileHashes)" [_thread_blocked, id=632, stack(0x000000ec1af00000,0x000000ec1b000000)]
  0x0000025983c57800 JavaThread "File watcher server" daemon [_thread_in_native, id=1396, stack(0x000000ec1b000000,0x000000ec1b100000)]
  0x0000025983c51800 JavaThread "File watcher consumer" daemon [_thread_blocked, id=10044, stack(0x000000ec1b100000,0x000000ec1b200000)]
  0x0000025983c58000 JavaThread "Cache worker for checksums cache (C:\Users\LENOVO\Desktop\InstaClone\.gradle\checksums)" [_thread_blocked, id=8012, stack(0x000000ec1b200000,0x000000ec1b300000)]
  0x0000025983c52800 JavaThread "Cache worker for cache directory md-supplier (C:\Users\LENOVO\AndroidStudioProjects\java1\caches\7.0.2\md-supplier)" [_thread_blocked, id=15492, stack(0x000000ec1b300000,0x000000ec1b400000)]
  0x0000025985e98000 JavaThread "Cache worker for cache directory md-rule (C:\Users\LENOVO\AndroidStudioProjects\java1\caches\7.0.2\md-rule)" [_thread_blocked, id=15512, stack(0x000000ec1b400000,0x000000ec1b500000)]
  0x0000025985e99800 JavaThread "Cache worker for execution history cache (C:\Users\LENOVO\AndroidStudioProjects\java1\caches\7.0.2\executionHistory)" [_thread_blocked, id=2936, stack(0x000000ec1b500000,0x000000ec1b600000)]
  0x0000025985e98800 JavaThread "jar transforms" [_thread_blocked, id=13984, stack(0x000000ec1b600000,0x000000ec1b700000)]
  0x0000025985e94000 JavaThread "jar transforms Thread 2" [_thread_blocked, id=8640, stack(0x000000ec1b700000,0x000000ec1b800000)]
  0x0000025985e96800 JavaThread "Cache worker for file content cache (C:\Users\LENOVO\AndroidStudioProjects\java1\caches\7.0.2\fileContent)" [_thread_blocked, id=1492, stack(0x000000ec1b800000,0x000000ec1b900000)]
  0x0000025985e9b000 JavaThread "Cache worker for dependencies-accessors (C:\Users\LENOVO\Desktop\InstaClone\.gradle\7.0.2\dependencies-accessors)" [_thread_blocked, id=2132, stack(0x000000ec1b900000,0x000000ec1ba00000)]
  0x0000025985e95800 JavaThread "jar transforms Thread 3" [_thread_blocked, id=13852, stack(0x000000ec1ba00000,0x000000ec1bb00000)]
  0x0000025985e9d000 JavaThread "Cache worker for Build Output Cleanup Cache (C:\Users\LENOVO\Desktop\InstaClone\.gradle\buildOutputCleanup)" [_thread_blocked, id=18408, stack(0x000000ec1bb00000,0x000000ec1bc00000)]
  0x0000025985e9c000 JavaThread "Build operations" [_thread_blocked, id=6888, stack(0x000000ec1bc00000,0x000000ec1bd00000)]
  0x0000025985e97000 JavaThread "Build operations Thread 2" [_thread_blocked, id=4708, stack(0x000000ec1bd00000,0x000000ec1be00000)]
  0x0000025985e9f000 JavaThread "Build operations Thread 3" [_thread_blocked, id=17400, stack(0x000000ec1be00000,0x000000ec1bf00000)]
  0x0000025985e9d800 JavaThread "Build operations Thread 4" [_thread_blocked, id=560, stack(0x000000ec1bf00000,0x000000ec1c000000)]
  0x0000025985ea0000 JavaThread "Build operations Thread 5" [_thread_blocked, id=628, stack(0x000000ec1c000000,0x000000ec1c100000)]
  0x0000025985e9e800 JavaThread "Build operations Thread 6" [_thread_blocked, id=3868, stack(0x000000ec1c100000,0x000000ec1c200000)]
  0x0000025985ea1000 JavaThread "Build operations Thread 7" [_thread_blocked, id=1704, stack(0x000000ec1c200000,0x000000ec1c300000)]
  0x0000025985ea2800 JavaThread "Build operations Thread 8" [_thread_blocked, id=19100, stack(0x000000ec1c300000,0x000000ec1c400000)]
  0x0000025985ea1800 JavaThread "jar transforms Thread 4" [_thread_blocked, id=2196, stack(0x000000ec1c400000,0x000000ec1c500000)]
  0x0000025986a62000 JavaThread "jar transforms Thread 5" [_thread_blocked, id=8820, stack(0x000000ec1c500000,0x000000ec1c600000)]
  0x0000025986a61800 JavaThread "jar transforms Thread 6" [_thread_blocked, id=11916, stack(0x000000ec1c600000,0x000000ec1c700000)]
  0x0000025986a60800 JavaThread "jar transforms Thread 7" [_thread_blocked, id=5576, stack(0x000000ec1c700000,0x000000ec1c800000)]
  0x0000025986a63000 JavaThread "jar transforms Thread 8" [_thread_blocked, id=18364, stack(0x000000ec1c800000,0x000000ec1c900000)]
  0x0000025986a63800 JavaThread "Memory manager" [_thread_blocked, id=15364, stack(0x000000ec1c900000,0x000000ec1ca00000)]
  0x0000025986a64800 JavaThread "build event listener" [_thread_blocked, id=16648, stack(0x000000ec1ca00000,0x000000ec1cb00000)]
  0x0000025986a5f000 JavaThread "build event listener" [_thread_blocked, id=13580, stack(0x000000ec1cb00000,0x000000ec1cc00000)]
  0x0000025986a65800 JavaThread "pool-3-thread-1" [_thread_blocked, id=16212, stack(0x000000ec1cc00000,0x000000ec1cd00000)]
  0x0000025986a5f800 JavaThread "build event listener" [_thread_blocked, id=1068, stack(0x000000ec1cd00000,0x000000ec1ce00000)]
  0x0000025986a68800 JavaThread "Execution worker for ':'" [_thread_in_native, id=18824, stack(0x000000ec1ce00000,0x000000ec1cf00000)]
  0x0000025986a69800 JavaThread "Execution worker for ':' Thread 2" [_thread_blocked, id=6288, stack(0x000000ec1cf00000,0x000000ec1d000000)]
  0x0000025986a6a800 JavaThread "Execution worker for ':' Thread 3" [_thread_blocked, id=16808, stack(0x000000ec1d000000,0x000000ec1d100000)]
  0x0000025986a6b000 JavaThread "Execution worker for ':' Thread 4" [_thread_blocked, id=13608, stack(0x000000ec1d100000,0x000000ec1d200000)]
  0x0000025986a6c000 JavaThread "Execution worker for ':' Thread 5" [_thread_blocked, id=9484, stack(0x000000ec1d200000,0x000000ec1d300000)]
  0x0000025986a67000 JavaThread "Execution worker for ':' Thread 6" [_thread_blocked, id=10128, stack(0x000000ec1d300000,0x000000ec1d400000)]
  0x0000025986a66000 JavaThread "Execution worker for ':' Thread 7" [_thread_blocked, id=972, stack(0x000000ec1d400000,0x000000ec1d500000)]
  0x0000025986a6c800 JavaThread "Cache worker for execution history cache (C:\Users\LENOVO\Desktop\InstaClone\.gradle\7.0.2\executionHistory)" [_thread_blocked, id=9400, stack(0x000000ec1d500000,0x000000ec1d600000)]
  0x0000025986a6d800 JavaThread "RMI Scheduler(0)" daemon [_thread_blocked, id=3552, stack(0x000000ec1d600000,0x000000ec1d700000)]
  0x0000025982c4f800 JavaThread "RMI GC Daemon" daemon [_thread_blocked, id=4088, stack(0x000000ec1d800000,0x000000ec1d900000)]
  0x0000025982c4d000 JavaThread "RMI TCP Accept-0" daemon [_thread_in_native, id=15180, stack(0x000000ec1d900000,0x000000ec1da00000)]
  0x0000025982c52000 JavaThread "RMI Reaper" [_thread_blocked, id=3920, stack(0x000000ec1da00000,0x000000ec1db00000)]
  0x0000025982c4e000 JavaThread "RMI TCP Connection(idle)" daemon [_thread_blocked, id=15276, stack(0x000000ec1db00000,0x000000ec1dc00000)]
  0x0000025982c4e800 JavaThread "Cache worker for Java compile cache (C:\Users\LENOVO\AndroidStudioProjects\java1\caches\7.0.2\javaCompile)" [_thread_blocked, id=18024, stack(0x000000ec1de00000,0x000000ec1df00000)]
  0x0000025982c4c000 JavaThread "Cache worker for Java compile cache (C:\Users\LENOVO\Desktop\InstaClone\.gradle\7.0.2\javaCompile)" [_thread_blocked, id=18828, stack(0x000000ec1df00000,0x000000ec1e000000)]

Other Threads:
  0x00000259fefc6800 VMThread "VM Thread" [stack: 0x000000ec18f00000,0x000000ec19000000] [id=1844]
  0x00000259ffaad800 WatcherThread [stack: 0x000000ec19900000,0x000000ec19a00000] [id=17600]
  0x00000259e6ba6800 GCTaskThread "GC Thread#0" [stack: 0x000000ec18a00000,0x000000ec18b00000] [id=14064]
  0x00000259829e3000 GCTaskThread "GC Thread#1" [stack: 0x000000ec19a00000,0x000000ec19b00000] [id=18788]
  0x0000025983c4c000 GCTaskThread "GC Thread#2" [stack: 0x000000ec1a500000,0x000000ec1a600000] [id=11352]
  0x0000025983271000 GCTaskThread "GC Thread#3" [stack: 0x000000ec1a600000,0x000000ec1a700000] [id=4820]
  0x00000259831af000 GCTaskThread "GC Thread#4" [stack: 0x000000ec1a700000,0x000000ec1a800000] [id=18260]
  0x000002598330a000 GCTaskThread "GC Thread#5" [stack: 0x000000ec1a800000,0x000000ec1a900000] [id=18004]
  0x0000025983006800 GCTaskThread "GC Thread#6" [stack: 0x000000ec1a900000,0x000000ec1aa00000] [id=11756]
  0x0000025983051000 GCTaskThread "GC Thread#7" [stack: 0x000000ec1aa00000,0x000000ec1ab00000] [id=4240]
  0x00000259e6bd6800 ConcurrentGCThread "G1 Main Marker" [stack: 0x000000ec18b00000,0x000000ec18c00000] [id=17420]
  0x00000259e6bd8000 ConcurrentGCThread "G1 Conc#0" [stack: 0x000000ec18c00000,0x000000ec18d00000] [id=15972]
  0x0000025983ecb000 ConcurrentGCThread "G1 Conc#1" [stack: 0x000000ec1ad00000,0x000000ec1ae00000] [id=17160]
  0x00000259e6c41800 ConcurrentGCThread "G1 Refine#0" [stack: 0x000000ec18d00000,0x000000ec18e00000] [id=13616]
  0x00000259e6c42800 ConcurrentGCThread "G1 Young RemSet Sampling" [stack: 0x000000ec18e00000,0x000000ec18f00000] [id=11944]

Threads with active compile tasks:
C2 CompilerThread0 113381 13393 %     4       javax.management.ObjectName::construct @ 822 (1135 bytes)

VM state:not at safepoint (normal execution)

VM Mutex/Monitor currently owned by a thread: None

Heap address: 0x0000000080000000, size: 2048 MB, Compressed Oops mode: 32-bit
Narrow klass base: 0x0000000000000000, Narrow klass shift: 3
Compressed class space size: 1073741824 Address: 0x0000000100000000

Heap:
 garbage-first heap   total 211968K, used 135897K [0x0000000080000000, 0x0000000100000000)
  region size 1024K, 38 young (38912K), 11 survivors (11264K)
 Metaspace       used 104924K, capacity 107570K, committed 107904K, reserved 1142784K
  class space    used 13425K, capacity 14385K, committed 14464K, reserved 1048576K
Heap Regions: E=young(eden), S=young(survivor), O=old, HS=humongous(starts), HC=humongous(continues), CS=collection set, F=free, A=archive, TAMS=top-at-mark-start (previous, next)
|   0|0x0000000080000000, 0x0000000080100000, 0x0000000080100000|100%| O|  |TAMS 0x0000000080100000, 0x0000000080000000| Untracked 
|   1|0x0000000080100000, 0x0000000080200000, 0x0000000080200000|100%| O|  |TAMS 0x0000000080200000, 0x0000000080100000| Untracked 
|   2|0x0000000080200000, 0x0000000080300000, 0x0000000080300000|100%| O|  |TAMS 0x0000000080300000, 0x0000000080200000| Untracked 
|   3|0x0000000080300000, 0x0000000080400000, 0x0000000080400000|100%|HS|  |TAMS 0x0000000080400000, 0x0000000080300000| Complete 
|   4|0x0000000080400000, 0x0000000080500000, 0x0000000080500000|100%|HC|  |TAMS 0x0000000080500000, 0x0000000080400000| Complete 
|   5|0x0000000080500000, 0x0000000080600000, 0x0000000080600000|100%|HC|  |TAMS 0x0000000080600000, 0x0000000080500000| Complete 
|   6|0x0000000080600000, 0x0000000080700000, 0x0000000080700000|100%| O|  |TAMS 0x0000000080700000, 0x0000000080600000| Untracked 
|   7|0x0000000080700000, 0x0000000080800000, 0x0000000080800000|100%| O|  |TAMS 0x0000000080800000, 0x0000000080700000| Untracked 
|   8|0x0000000080800000, 0x0000000080900000, 0x0000000080900000|100%| O|  |TAMS 0x0000000080900000, 0x0000000080800000| Untracked 
|   9|0x0000000080900000, 0x0000000080a00000, 0x0000000080a00000|100%| O|  |TAMS 0x0000000080a00000, 0x0000000080900000| Untracked 
|  10|0x0000000080a00000, 0x0000000080b00000, 0x0000000080b00000|100%| O|  |TAMS 0x0000000080b00000, 0x0000000080a00000| Untracked 
|  11|0x0000000080b00000, 0x0000000080c00000, 0x0000000080c00000|100%| O|  |TAMS 0x0000000080c00000, 0x0000000080b00000| Untracked 
|  12|0x0000000080c00000, 0x0000000080d00000, 0x0000000080d00000|100%| O|  |TAMS 0x0000000080d00000, 0x0000000080c00000| Untracked 
|  13|0x0000000080d00000, 0x0000000080e00000, 0x0000000080e00000|100%| O|  |TAMS 0x0000000080e00000, 0x0000000080d00000| Untracked 
|  14|0x0000000080e00000, 0x0000000080f00000, 0x0000000080f00000|100%| O|  |TAMS 0x0000000080f00000, 0x0000000080e00000| Untracked 
|  15|0x0000000080f00000, 0x0000000081000000, 0x0000000081000000|100%| O|  |TAMS 0x0000000081000000, 0x0000000080f00000| Untracked 
|  16|0x0000000081000000, 0x0000000081100000, 0x0000000081100000|100%| O|  |TAMS 0x0000000081100000, 0x0000000081000000| Untracked 
|  17|0x0000000081100000, 0x0000000081200000, 0x0000000081200000|100%| O|  |TAMS 0x0000000081200000, 0x0000000081100000| Untracked 
|  18|0x0000000081200000, 0x0000000081300000, 0x0000000081300000|100%| O|  |TAMS 0x0000000081300000, 0x0000000081200000| Untracked 
|  19|0x0000000081300000, 0x0000000081400000, 0x0000000081400000|100%| O|  |TAMS 0x0000000081400000, 0x0000000081300000| Untracked 
|  20|0x0000000081400000, 0x0000000081500000, 0x0000000081500000|100%| O|  |TAMS 0x0000000081500000, 0x0000000081400000| Untracked 
|  21|0x0000000081500000, 0x0000000081600000, 0x0000000081600000|100%| O|  |TAMS 0x0000000081600000, 0x0000000081500000| Untracked 
|  22|0x0000000081600000, 0x0000000081700000, 0x0000000081700000|100%| O|  |TAMS 0x0000000081700000, 0x0000000081600000| Untracked 
|  23|0x0000000081700000, 0x0000000081800000, 0x0000000081800000|100%| O|  |TAMS 0x0000000081800000, 0x0000000081700000| Untracked 
|  24|0x0000000081800000, 0x0000000081900000, 0x0000000081900000|100%| O|  |TAMS 0x0000000081900000, 0x0000000081800000| Untracked 
|  25|0x0000000081900000, 0x0000000081a00000, 0x0000000081a00000|100%| O|  |TAMS 0x0000000081a00000, 0x0000000081900000| Untracked 
|  26|0x0000000081a00000, 0x0000000081b00000, 0x0000000081b00000|100%| O|  |TAMS 0x0000000081b00000, 0x0000000081a00000| Untracked 
|  27|0x0000000081b00000, 0x0000000081c00000, 0x0000000081c00000|100%|HS|  |TAMS 0x0000000081c00000, 0x0000000081b00000| Complete 
|  28|0x0000000081c00000, 0x0000000081d00000, 0x0000000081d00000|100%|HS|  |TAMS 0x0000000081d00000, 0x0000000081c00000| Complete 
|  29|0x0000000081d00000, 0x0000000081e00000, 0x0000000081e00000|100%|HS|  |TAMS 0x0000000081e00000, 0x0000000081d00000| Complete 
|  30|0x0000000081e00000, 0x0000000081f00000, 0x0000000081f00000|100%|HS|  |TAMS 0x0000000081f00000, 0x0000000081e00000| Complete 
|  31|0x0000000081f00000, 0x0000000082000000, 0x0000000082000000|100%|HC|  |TAMS 0x0000000082000000, 0x0000000081f00000| Complete 
|  32|0x0000000082000000, 0x0000000082100000, 0x0000000082100000|100%|HC|  |TAMS 0x0000000082100000, 0x0000000082000000| Complete 
|  33|0x0000000082100000, 0x0000000082200000, 0x0000000082200000|100%|HS|  |TAMS 0x0000000082200000, 0x0000000082100000| Complete 
|  34|0x0000000082200000, 0x0000000082300000, 0x0000000082300000|100%|HC|  |TAMS 0x0000000082300000, 0x0000000082200000| Complete 
|  35|0x0000000082300000, 0x0000000082400000, 0x0000000082400000|100%| O|  |TAMS 0x0000000082400000, 0x0000000082300000| Untracked 
|  36|0x0000000082400000, 0x0000000082500000, 0x0000000082500000|100%| O|  |TAMS 0x0000000082500000, 0x0000000082400000| Untracked 
|  37|0x0000000082500000, 0x0000000082600000, 0x0000000082600000|100%| O|  |TAMS 0x0000000082600000, 0x0000000082500000| Untracked 
|  38|0x0000000082600000, 0x0000000082700000, 0x0000000082700000|100%| O|  |TAMS 0x0000000082700000, 0x0000000082600000| Untracked 
|  39|0x0000000082700000, 0x0000000082800000, 0x0000000082800000|100%| O|  |TAMS 0x0000000082800000, 0x0000000082700000| Untracked 
|  40|0x0000000082800000, 0x0000000082900000, 0x0000000082900000|100%| O|  |TAMS 0x0000000082900000, 0x0000000082800000| Untracked 
|  41|0x0000000082900000, 0x0000000082a00000, 0x0000000082a00000|100%| O|  |TAMS 0x0000000082a00000, 0x0000000082900000| Untracked 
|  42|0x0000000082a00000, 0x0000000082b00000, 0x0000000082b00000|100%| O|  |TAMS 0x0000000082b00000, 0x0000000082a00000| Untracked 
|  43|0x0000000082b00000, 0x0000000082c00000, 0x0000000082c00000|100%| O|  |TAMS 0x0000000082c00000, 0x0000000082b00000| Untracked 
|  44|0x0000000082c00000, 0x0000000082d00000, 0x0000000082d00000|100%| O|  |TAMS 0x0000000082d00000, 0x0000000082c00000| Untracked 
|  45|0x0000000082d00000, 0x0000000082e00000, 0x0000000082e00000|100%| O|  |TAMS 0x0000000082e00000, 0x0000000082d00000| Untracked 
|  46|0x0000000082e00000, 0x0000000082f00000, 0x0000000082f00000|100%| O|  |TAMS 0x0000000082f00000, 0x0000000082e00000| Untracked 
|  47|0x0000000082f00000, 0x0000000083000000, 0x0000000083000000|100%| O|  |TAMS 0x0000000083000000, 0x0000000082f00000| Untracked 
|  48|0x0000000083000000, 0x0000000083100000, 0x0000000083100000|100%| O|  |TAMS 0x0000000083100000, 0x0000000083000000| Untracked 
|  49|0x0000000083100000, 0x0000000083200000, 0x0000000083200000|100%| O|  |TAMS 0x0000000083200000, 0x0000000083100000| Untracked 
|  50|0x0000000083200000, 0x0000000083300000, 0x0000000083300000|100%| O|  |TAMS 0x0000000083300000, 0x0000000083200000| Untracked 
|  51|0x0000000083300000, 0x0000000083400000, 0x0000000083400000|100%| O|  |TAMS 0x0000000083400000, 0x0000000083300000| Untracked 
|  52|0x0000000083400000, 0x0000000083500000, 0x0000000083500000|100%| O|  |TAMS 0x0000000083500000, 0x0000000083400000| Untracked 
|  53|0x0000000083500000, 0x0000000083600000, 0x0000000083600000|100%| O|  |TAMS 0x0000000083600000, 0x0000000083500000| Untracked 
|  54|0x0000000083600000, 0x0000000083700000, 0x0000000083700000|100%| O|  |TAMS 0x0000000083700000, 0x0000000083600000| Untracked 
|  55|0x0000000083700000, 0x0000000083800000, 0x0000000083800000|100%| O|  |TAMS 0x0000000083800000, 0x0000000083700000| Untracked 
|  56|0x0000000083800000, 0x0000000083900000, 0x0000000083900000|100%| O|  |TAMS 0x0000000083900000, 0x0000000083800000| Untracked 
|  57|0x0000000083900000, 0x0000000083a00000, 0x0000000083a00000|100%| O|  |TAMS 0x0000000083a00000, 0x0000000083900000| Untracked 
|  58|0x0000000083a00000, 0x0000000083b00000, 0x0000000083b00000|100%| O|  |TAMS 0x0000000083b00000, 0x0000000083a00000| Untracked 
|  59|0x0000000083b00000, 0x0000000083c00000, 0x0000000083c00000|100%| O|  |TAMS 0x0000000083c00000, 0x0000000083b00000| Untracked 
|  60|0x0000000083c00000, 0x0000000083d00000, 0x0000000083d00000|100%| O|  |TAMS 0x0000000083d00000, 0x0000000083c00000| Untracked 
|  61|0x0000000083d00000, 0x0000000083e00000, 0x0000000083e00000|100%| O|  |TAMS 0x0000000083e00000, 0x0000000083d00000| Untracked 
|  62|0x0000000083e00000, 0x0000000083f00000, 0x0000000083f00000|100%| O|  |TAMS 0x0000000083f00000, 0x0000000083e00000| Untracked 
|  63|0x0000000083f00000, 0x0000000084000000, 0x0000000084000000|100%| O|  |TAMS 0x0000000084000000, 0x0000000083f00000| Untracked 
|  64|0x0000000084000000, 0x0000000084100000, 0x0000000084100000|100%| O|  |TAMS 0x0000000084100000, 0x0000000084000000| Untracked 
|  65|0x0000000084100000, 0x0000000084200000, 0x0000000084200000|100%| O|  |TAMS 0x0000000084200000, 0x0000000084100000| Untracked 
|  66|0x0000000084200000, 0x0000000084300000, 0x0000000084300000|100%| O|  |TAMS 0x0000000084300000, 0x0000000084200000| Untracked 
|  67|0x0000000084300000, 0x0000000084400000, 0x0000000084400000|100%| O|  |TAMS 0x0000000084400000, 0x0000000084300000| Untracked 
|  68|0x0000000084400000, 0x0000000084500000, 0x0000000084500000|100%| O|  |TAMS 0x0000000084500000, 0x0000000084400000| Untracked 
|  69|0x0000000084500000, 0x0000000084600000, 0x0000000084600000|100%| O|  |TAMS 0x0000000084600000, 0x0000000084500000| Untracked 
|  70|0x0000000084600000, 0x0000000084700000, 0x0000000084700000|100%| O|  |TAMS 0x0000000084700000, 0x0000000084600000| Untracked 
|  71|0x0000000084700000, 0x0000000084800000, 0x0000000084800000|100%| O|  |TAMS 0x0000000084800000, 0x0000000084700000| Untracked 
|  72|0x0000000084800000, 0x0000000084900000, 0x0000000084900000|100%| O|  |TAMS 0x0000000084900000, 0x0000000084800000| Untracked 
|  73|0x0000000084900000, 0x0000000084a00000, 0x0000000084a00000|100%| O|  |TAMS 0x0000000084a00000, 0x0000000084900000| Untracked 
|  74|0x0000000084a00000, 0x0000000084b00000, 0x0000000084b00000|100%| O|  |TAMS 0x0000000084b00000, 0x0000000084a00000| Untracked 
|  75|0x0000000084b00000, 0x0000000084c00000, 0x0000000084c00000|100%| O|  |TAMS 0x0000000084c00000, 0x0000000084b00000| Untracked 
|  76|0x0000000084c00000, 0x0000000084d00000, 0x0000000084d00000|100%| O|  |TAMS 0x0000000084d00000, 0x0000000084c00000| Untracked 
|  77|0x0000000084d00000, 0x0000000084e00000, 0x0000000084e00000|100%| O|  |TAMS 0x0000000084e00000, 0x0000000084d00000| Untracked 
|  78|0x0000000084e00000, 0x0000000084f00000, 0x0000000084f00000|100%| O|  |TAMS 0x0000000084ed9000, 0x0000000084e00000| Untracked 
|  79|0x0000000084f00000, 0x0000000085000000, 0x0000000085000000|100%| O|  |TAMS 0x0000000084f00000, 0x0000000084f00000| Untracked 
|  80|0x0000000085000000, 0x0000000085100000, 0x0000000085100000|100%| O|  |TAMS 0x0000000085000000, 0x0000000085000000| Untracked 
|  81|0x0000000085100000, 0x0000000085200000, 0x0000000085200000|100%| O|  |TAMS 0x0000000085100000, 0x0000000085100000| Untracked 
|  82|0x0000000085200000, 0x0000000085300000, 0x0000000085300000|100%| O|  |TAMS 0x0000000085200000, 0x0000000085200000| Untracked 
|  83|0x0000000085300000, 0x0000000085400000, 0x0000000085400000|100%| O|  |TAMS 0x0000000085300000, 0x0000000085300000| Untracked 
|  84|0x0000000085400000, 0x0000000085500000, 0x0000000085500000|100%| O|  |TAMS 0x0000000085400000, 0x0000000085400000| Untracked 
|  85|0x0000000085500000, 0x0000000085600000, 0x0000000085600000|100%| O|  |TAMS 0x0000000085500000, 0x0000000085500000| Untracked 
|  86|0x0000000085600000, 0x0000000085700000, 0x0000000085700000|100%| O|  |TAMS 0x0000000085600000, 0x0000000085600000| Untracked 
|  87|0x0000000085700000, 0x0000000085800000, 0x0000000085800000|100%| O|  |TAMS 0x0000000085700000, 0x0000000085700000| Untracked 
|  88|0x0000000085800000, 0x0000000085900000, 0x0000000085900000|100%|HS|  |TAMS 0x0000000085800000, 0x0000000085800000| Complete 
|  89|0x0000000085900000, 0x0000000085a00000, 0x0000000085a00000|100%|HC|  |TAMS 0x0000000085900000, 0x0000000085900000| Complete 
|  90|0x0000000085a00000, 0x0000000085b00000, 0x0000000085b00000|100%| O|  |TAMS 0x0000000085a00000, 0x0000000085a00000| Untracked 
|  91|0x0000000085b00000, 0x0000000085c00000, 0x0000000085c00000|100%| O|  |TAMS 0x0000000085b00000, 0x0000000085b00000| Untracked 
|  92|0x0000000085c00000, 0x0000000085d00000, 0x0000000085d00000|100%| O|  |TAMS 0x0000000085c00000, 0x0000000085c00000| Untracked 
|  93|0x0000000085d00000, 0x0000000085e00000, 0x0000000085e00000|100%| O|  |TAMS 0x0000000085d00000, 0x0000000085d00000| Untracked 
|  94|0x0000000085e00000, 0x0000000085f00000, 0x0000000085f00000|100%| O|  |TAMS 0x0000000085e00000, 0x0000000085e00000| Untracked 
|  95|0x0000000085f00000, 0x0000000085fb6600, 0x0000000086000000| 71%| O|  |TAMS 0x0000000085f00000, 0x0000000085f00000| Untracked 
|  96|0x0000000086000000, 0x0000000086000000, 0x0000000086100000|  0%| F|  |TAMS 0x0000000086000000, 0x0000000086000000| Untracked 
|  97|0x0000000086100000, 0x0000000086100000, 0x0000000086200000|  0%| F|  |TAMS 0x0000000086100000, 0x0000000086100000| Untracked 
|  98|0x0000000086200000, 0x0000000086200000, 0x0000000086300000|  0%| F|  |TAMS 0x0000000086200000, 0x0000000086200000| Untracked 
|  99|0x0000000086300000, 0x0000000086300000, 0x0000000086400000|  0%| F|  |TAMS 0x0000000086300000, 0x0000000086300000| Untracked 
| 100|0x0000000086400000, 0x0000000086400000, 0x0000000086500000|  0%| F|  |TAMS 0x0000000086400000, 0x0000000086400000| Untracked 
| 101|0x0000000086500000, 0x0000000086500000, 0x0000000086600000|  0%| F|  |TAMS 0x0000000086500000, 0x0000000086500000| Untracked 
| 102|0x0000000086600000, 0x0000000086600000, 0x0000000086700000|  0%| F|  |TAMS 0x0000000086600000, 0x0000000086600000| Untracked 
| 103|0x0000000086700000, 0x0000000086700000, 0x0000000086800000|  0%| F|  |TAMS 0x0000000086700000, 0x0000000086700000| Untracked 
| 104|0x0000000086800000, 0x0000000086800000, 0x0000000086900000|  0%| F|  |TAMS 0x0000000086800000, 0x0000000086800000| Untracked 
| 105|0x0000000086900000, 0x0000000086900000, 0x0000000086a00000|  0%| F|  |TAMS 0x0000000086900000, 0x0000000086900000| Untracked 
| 106|0x0000000086a00000, 0x0000000086a00000, 0x0000000086b00000|  0%| F|  |TAMS 0x0000000086a00000, 0x0000000086a00000| Untracked 
| 107|0x0000000086b00000, 0x0000000086b00000, 0x0000000086c00000|  0%| F|  |TAMS 0x0000000086b00000, 0x0000000086b00000| Untracked 
| 108|0x0000000086c00000, 0x0000000086c00000, 0x0000000086d00000|  0%| F|  |TAMS 0x0000000086c00000, 0x0000000086c00000| Untracked 
| 109|0x0000000086d00000, 0x0000000086d00000, 0x0000000086e00000|  0%| F|  |TAMS 0x0000000086d00000, 0x0000000086d00000| Untracked 
| 110|0x0000000086e00000, 0x0000000086e00000, 0x0000000086f00000|  0%| F|  |TAMS 0x0000000086e00000, 0x0000000086e00000| Untracked 
| 111|0x0000000086f00000, 0x0000000086f00000, 0x0000000087000000|  0%| F|  |TAMS 0x0000000086f00000, 0x0000000086f00000| Untracked 
| 112|0x0000000087000000, 0x0000000087100000, 0x0000000087100000|100%| S|CS|TAMS 0x0000000087000000, 0x0000000087000000| Complete 
| 113|0x0000000087100000, 0x0000000087200000, 0x0000000087200000|100%| S|CS|TAMS 0x0000000087100000, 0x0000000087100000| Complete 
| 114|0x0000000087200000, 0x0000000087300000, 0x0000000087300000|100%| S|CS|TAMS 0x0000000087200000, 0x0000000087200000| Complete 
| 115|0x0000000087300000, 0x0000000087400000, 0x0000000087400000|100%| S|CS|TAMS 0x0000000087300000, 0x0000000087300000| Complete 
| 116|0x0000000087400000, 0x0000000087500000, 0x0000000087500000|100%| S|CS|TAMS 0x0000000087400000, 0x0000000087400000| Complete 
| 117|0x0000000087500000, 0x0000000087600000, 0x0000000087600000|100%| S|CS|TAMS 0x0000000087500000, 0x0000000087500000| Complete 
| 118|0x0000000087600000, 0x0000000087700000, 0x0000000087700000|100%| S|CS|TAMS 0x0000000087600000, 0x0000000087600000| Complete 
| 119|0x0000000087700000, 0x0000000087800000, 0x0000000087800000|100%| S|CS|TAMS 0x0000000087700000, 0x0000000087700000| Complete 
| 120|0x0000000087800000, 0x0000000087900000, 0x0000000087900000|100%| S|CS|TAMS 0x0000000087800000, 0x0000000087800000| Complete 
| 121|0x0000000087900000, 0x0000000087a00000, 0x0000000087a00000|100%| S|CS|TAMS 0x0000000087900000, 0x0000000087900000| Complete 
| 122|0x0000000087a00000, 0x0000000087a00000, 0x0000000087b00000|  0%| F|  |TAMS 0x0000000087a00000, 0x0000000087a00000| Untracked 
| 123|0x0000000087b00000, 0x0000000087b00000, 0x0000000087c00000|  0%| F|  |TAMS 0x0000000087b00000, 0x0000000087b00000| Untracked 
| 124|0x0000000087c00000, 0x0000000087c00000, 0x0000000087d00000|  0%| F|  |TAMS 0x0000000087c00000, 0x0000000087c00000| Untracked 
| 125|0x0000000087d00000, 0x0000000087d00000, 0x0000000087e00000|  0%| F|  |TAMS 0x0000000087d00000, 0x0000000087d00000| Untracked 
| 126|0x0000000087e00000, 0x0000000087e00000, 0x0000000087f00000|  0%| F|  |TAMS 0x0000000087e00000, 0x0000000087e00000| Untracked 
| 127|0x0000000087f00000, 0x0000000087f00000, 0x0000000088000000|  0%| F|  |TAMS 0x0000000087f00000, 0x0000000087f00000| Untracked 
| 128|0x0000000088000000, 0x0000000088000000, 0x0000000088100000|  0%| F|  |TAMS 0x0000000088000000, 0x0000000088000000| Untracked 
| 129|0x0000000088100000, 0x0000000088200000, 0x0000000088200000|100%| S|CS|TAMS 0x0000000088100000, 0x0000000088100000| Complete 
| 130|0x0000000088200000, 0x0000000088200000, 0x0000000088300000|  0%| F|  |TAMS 0x0000000088200000, 0x0000000088200000| Untracked 
| 131|0x0000000088300000, 0x0000000088300000, 0x0000000088400000|  0%| F|  |TAMS 0x0000000088300000, 0x0000000088300000| Untracked 
| 132|0x0000000088400000, 0x0000000088400000, 0x0000000088500000|  0%| F|  |TAMS 0x0000000088400000, 0x0000000088400000| Untracked 
| 133|0x0000000088500000, 0x0000000088500000, 0x0000000088600000|  0%| F|  |TAMS 0x0000000088500000, 0x0000000088500000| Untracked 
| 134|0x0000000088600000, 0x0000000088600000, 0x0000000088700000|  0%| F|  |TAMS 0x0000000088600000, 0x0000000088600000| Untracked 
| 135|0x0000000088700000, 0x0000000088700000, 0x0000000088800000|  0%| F|  |TAMS 0x0000000088700000, 0x0000000088700000| Untracked 
| 136|0x0000000088800000, 0x0000000088800000, 0x0000000088900000|  0%| F|  |TAMS 0x0000000088800000, 0x0000000088800000| Untracked 
| 137|0x0000000088900000, 0x0000000088900000, 0x0000000088a00000|  0%| F|  |TAMS 0x0000000088900000, 0x0000000088900000| Untracked 
| 138|0x0000000088a00000, 0x0000000088a00000, 0x0000000088b00000|  0%| F|  |TAMS 0x0000000088a00000, 0x0000000088a00000| Untracked 
| 139|0x0000000088b00000, 0x0000000088b00000, 0x0000000088c00000|  0%| F|  |TAMS 0x0000000088b00000, 0x0000000088b00000| Untracked 
| 140|0x0000000088c00000, 0x0000000088c00000, 0x0000000088d00000|  0%| F|  |TAMS 0x0000000088c00000, 0x0000000088c00000| Untracked 
| 141|0x0000000088d00000, 0x0000000088d00000, 0x0000000088e00000|  0%| F|  |TAMS 0x0000000088d00000, 0x0000000088d00000| Untracked 
| 142|0x0000000088e00000, 0x0000000088e00000, 0x0000000088f00000|  0%| F|  |TAMS 0x0000000088e00000, 0x0000000088e00000| Untracked 
| 143|0x0000000088f00000, 0x0000000088f00000, 0x0000000089000000|  0%| F|  |TAMS 0x0000000088f00000, 0x0000000088f00000| Untracked 
| 144|0x0000000089000000, 0x0000000089000000, 0x0000000089100000|  0%| F|  |TAMS 0x0000000089000000, 0x0000000089000000| Untracked 
| 145|0x0000000089100000, 0x0000000089100000, 0x0000000089200000|  0%| F|  |TAMS 0x0000000089100000, 0x0000000089100000| Untracked 
| 146|0x0000000089200000, 0x0000000089200000, 0x0000000089300000|  0%| F|  |TAMS 0x0000000089200000, 0x0000000089200000| Untracked 
| 147|0x0000000089300000, 0x0000000089300000, 0x0000000089400000|  0%| F|  |TAMS 0x0000000089300000, 0x0000000089300000| Untracked 
| 148|0x0000000089400000, 0x0000000089400000, 0x0000000089500000|  0%| F|  |TAMS 0x0000000089400000, 0x0000000089400000| Untracked 
| 149|0x0000000089500000, 0x0000000089500000, 0x0000000089600000|  0%| F|  |TAMS 0x0000000089500000, 0x0000000089500000| Untracked 
| 150|0x0000000089600000, 0x0000000089600000, 0x0000000089700000|  0%| F|  |TAMS 0x0000000089600000, 0x0000000089600000| Untracked 
| 151|0x0000000089700000, 0x0000000089700000, 0x0000000089800000|  0%| F|  |TAMS 0x0000000089700000, 0x0000000089700000| Untracked 
| 152|0x0000000089800000, 0x0000000089800000, 0x0000000089900000|  0%| F|  |TAMS 0x0000000089800000, 0x0000000089800000| Untracked 
| 153|0x0000000089900000, 0x0000000089900000, 0x0000000089a00000|  0%| F|  |TAMS 0x0000000089900000, 0x0000000089900000| Untracked 
| 154|0x0000000089a00000, 0x0000000089a00000, 0x0000000089b00000|  0%| F|  |TAMS 0x0000000089a00000, 0x0000000089a00000| Untracked 
| 155|0x0000000089b00000, 0x0000000089b00000, 0x0000000089c00000|  0%| F|  |TAMS 0x0000000089b00000, 0x0000000089b00000| Untracked 
| 156|0x0000000089c00000, 0x0000000089c00000, 0x0000000089d00000|  0%| F|  |TAMS 0x0000000089c00000, 0x0000000089c00000| Untracked 
| 157|0x0000000089d00000, 0x0000000089d00000, 0x0000000089e00000|  0%| F|  |TAMS 0x0000000089d00000, 0x0000000089d00000| Untracked 
| 158|0x0000000089e00000, 0x0000000089e00000, 0x0000000089f00000|  0%| F|  |TAMS 0x0000000089e00000, 0x0000000089e00000| Untracked 
| 159|0x0000000089f00000, 0x0000000089f00000, 0x000000008a000000|  0%| F|  |TAMS 0x0000000089f00000, 0x0000000089f00000| Untracked 
| 160|0x000000008a000000, 0x000000008a000000, 0x000000008a100000|  0%| F|  |TAMS 0x000000008a000000, 0x000000008a000000| Untracked 
| 161|0x000000008a100000, 0x000000008a100000, 0x000000008a200000|  0%| F|  |TAMS 0x000000008a100000, 0x000000008a100000| Untracked 
| 162|0x000000008a200000, 0x000000008a200000, 0x000000008a300000|  0%| F|  |TAMS 0x000000008a200000, 0x000000008a200000| Untracked 
| 163|0x000000008a300000, 0x000000008a300000, 0x000000008a400000|  0%| F|  |TAMS 0x000000008a300000, 0x000000008a300000| Untracked 
| 164|0x000000008a400000, 0x000000008a400000, 0x000000008a500000|  0%| F|  |TAMS 0x000000008a400000, 0x000000008a400000| Untracked 
| 165|0x000000008a500000, 0x000000008a500000, 0x000000008a600000|  0%| F|  |TAMS 0x000000008a500000, 0x000000008a500000| Untracked 
| 166|0x000000008a600000, 0x000000008a600000, 0x000000008a700000|  0%| F|  |TAMS 0x000000008a600000, 0x000000008a600000| Untracked 
| 167|0x000000008a700000, 0x000000008a700000, 0x000000008a800000|  0%| F|  |TAMS 0x000000008a700000, 0x000000008a700000| Untracked 
| 168|0x000000008a800000, 0x000000008a800000, 0x000000008a900000|  0%| F|  |TAMS 0x000000008a800000, 0x000000008a800000| Untracked 
| 169|0x000000008a900000, 0x000000008a900000, 0x000000008aa00000|  0%| F|  |TAMS 0x000000008a900000, 0x000000008a900000| Untracked 
| 170|0x000000008aa00000, 0x000000008aa00000, 0x000000008ab00000|  0%| F|  |TAMS 0x000000008aa00000, 0x000000008aa00000| Untracked 
| 171|0x000000008ab00000, 0x000000008ab00000, 0x000000008ac00000|  0%| F|  |TAMS 0x000000008ab00000, 0x000000008ab00000| Untracked 
| 172|0x000000008ac00000, 0x000000008ac00000, 0x000000008ad00000|  0%| F|  |TAMS 0x000000008ac00000, 0x000000008ac00000| Untracked 
| 173|0x000000008ad00000, 0x000000008ad00000, 0x000000008ae00000|  0%| F|  |TAMS 0x000000008ad00000, 0x000000008ad00000| Untracked 
| 174|0x000000008ae00000, 0x000000008ae00000, 0x000000008af00000|  0%| F|  |TAMS 0x000000008ae00000, 0x000000008ae00000| Untracked 
| 175|0x000000008af00000, 0x000000008af00000, 0x000000008b000000|  0%| F|  |TAMS 0x000000008af00000, 0x000000008af00000| Untracked 
| 176|0x000000008b000000, 0x000000008b000000, 0x000000008b100000|  0%| F|  |TAMS 0x000000008b000000, 0x000000008b000000| Untracked 
| 177|0x000000008b100000, 0x000000008b100000, 0x000000008b200000|  0%| F|  |TAMS 0x000000008b100000, 0x000000008b100000| Untracked 
| 178|0x000000008b200000, 0x000000008b200000, 0x000000008b300000|  0%| F|  |TAMS 0x000000008b200000, 0x000000008b200000| Untracked 
| 179|0x000000008b300000, 0x000000008b300000, 0x000000008b400000|  0%| F|  |TAMS 0x000000008b300000, 0x000000008b300000| Untracked 
| 180|0x000000008b400000, 0x000000008b426f08, 0x000000008b500000| 15%| E|  |TAMS 0x000000008b400000, 0x000000008b400000| Complete 
| 181|0x000000008b500000, 0x000000008b600000, 0x000000008b600000|100%| E|CS|TAMS 0x000000008b500000, 0x000000008b500000| Complete 
| 182|0x000000008b600000, 0x000000008b700000, 0x000000008b700000|100%| E|CS|TAMS 0x000000008b600000, 0x000000008b600000| Complete 
| 183|0x000000008b700000, 0x000000008b800000, 0x000000008b800000|100%| E|CS|TAMS 0x000000008b700000, 0x000000008b700000| Complete 
| 184|0x000000008b800000, 0x000000008b900000, 0x000000008b900000|100%| E|CS|TAMS 0x000000008b800000, 0x000000008b800000| Complete 
| 185|0x000000008b900000, 0x000000008ba00000, 0x000000008ba00000|100%| E|CS|TAMS 0x000000008b900000, 0x000000008b900000| Complete 
| 186|0x000000008ba00000, 0x000000008bb00000, 0x000000008bb00000|100%| E|CS|TAMS 0x000000008ba00000, 0x000000008ba00000| Complete 
| 187|0x000000008bb00000, 0x000000008bc00000, 0x000000008bc00000|100%| E|CS|TAMS 0x000000008bb00000, 0x000000008bb00000| Complete 
| 188|0x000000008bc00000, 0x000000008bd00000, 0x000000008bd00000|100%| E|CS|TAMS 0x000000008bc00000, 0x000000008bc00000| Complete 
| 189|0x000000008bd00000, 0x000000008be00000, 0x000000008be00000|100%| E|CS|TAMS 0x000000008bd00000, 0x000000008bd00000| Complete 
| 190|0x000000008be00000, 0x000000008bf00000, 0x000000008bf00000|100%| E|CS|TAMS 0x000000008be00000, 0x000000008be00000| Complete 
| 191|0x000000008bf00000, 0x000000008c000000, 0x000000008c000000|100%| E|CS|TAMS 0x000000008bf00000, 0x000000008bf00000| Complete 
| 192|0x000000008c000000, 0x000000008c100000, 0x000000008c100000|100%| E|CS|TAMS 0x000000008c000000, 0x000000008c000000| Complete 
| 193|0x000000008c100000, 0x000000008c200000, 0x000000008c200000|100%| E|CS|TAMS 0x000000008c100000, 0x000000008c100000| Complete 
| 194|0x000000008c200000, 0x000000008c300000, 0x000000008c300000|100%| E|CS|TAMS 0x000000008c200000, 0x000000008c200000| Complete 
| 195|0x000000008c300000, 0x000000008c400000, 0x000000008c400000|100%| E|CS|TAMS 0x000000008c300000, 0x000000008c300000| Complete 
| 196|0x000000008c400000, 0x000000008c500000, 0x000000008c500000|100%| E|CS|TAMS 0x000000008c400000, 0x000000008c400000| Complete 
| 197|0x000000008c500000, 0x000000008c600000, 0x000000008c600000|100%| E|CS|TAMS 0x000000008c500000, 0x000000008c500000| Complete 
| 198|0x000000008c600000, 0x000000008c700000, 0x000000008c700000|100%| E|CS|TAMS 0x000000008c600000, 0x000000008c600000| Complete 
| 199|0x000000008c700000, 0x000000008c800000, 0x000000008c800000|100%| E|CS|TAMS 0x000000008c700000, 0x000000008c700000| Complete 
| 200|0x000000008c800000, 0x000000008c900000, 0x000000008c900000|100%| E|CS|TAMS 0x000000008c800000, 0x000000008c800000| Complete 
| 201|0x000000008c900000, 0x000000008ca00000, 0x000000008ca00000|100%| E|CS|TAMS 0x000000008c900000, 0x000000008c900000| Complete 
| 202|0x000000008ca00000, 0x000000008cb00000, 0x000000008cb00000|100%| E|CS|TAMS 0x000000008ca00000, 0x000000008ca00000| Complete 
| 203|0x000000008cb00000, 0x000000008cc00000, 0x000000008cc00000|100%| E|CS|TAMS 0x000000008cb00000, 0x000000008cb00000| Complete 
| 204|0x000000008cc00000, 0x000000008cd00000, 0x000000008cd00000|100%| E|CS|TAMS 0x000000008cc00000, 0x000000008cc00000| Complete 
| 205|0x000000008cd00000, 0x000000008ce00000, 0x000000008ce00000|100%| E|CS|TAMS 0x000000008cd00000, 0x000000008cd00000| Complete 
| 206|0x000000008ce00000, 0x000000008cf00000, 0x000000008cf00000|100%| E|CS|TAMS 0x000000008ce00000, 0x000000008ce00000| Complete 

Card table byte_map: [0x00000259f9dc0000,0x00000259fa1c0000] _byte_map_base: 0x00000259f99c0000

Marking Bits (Prev, Next): (CMBitMap*) 0x00000259e6bcdd68, (CMBitMap*) 0x00000259e6bcdda0
 Prev Bits: [0x00000259fa5c0000, 0x00000259fc5c0000)
 Next Bits: [0x00000259fc5c0000, 0x00000259fe5c0000)

Polling page: 0x00000259e4ac0000

Metaspace:

Usage:
  Non-class:     91.00 MB capacity,    89.35 MB ( 98%) used,     1.34 MB (  1%) free+waste,   316.25 KB ( <1%) overhead. 
      Class:     14.05 MB capacity,    13.11 MB ( 93%) used,   816.41 KB (  6%) free+waste,   142.63 KB ( <1%) overhead. 
       Both:    105.05 MB capacity,   102.47 MB ( 98%) used,     2.14 MB (  2%) free+waste,   458.88 KB ( <1%) overhead. 

Virtual space:
  Non-class space:       92.00 MB reserved,      91.25 MB (>99%) committed 
      Class space:        1.00 GB reserved,      14.13 MB (  1%) committed 
             Both:        1.09 GB reserved,     105.38 MB (  9%) committed 

Chunk freelists:
   Non-Class:  0 bytes
       Class:  15.00 KB
        Both:  15.00 KB

MaxMetaspaceSize: 17179869184.00 GB
CompressedClassSpaceSize: 1.00 GB

CodeHeap 'non-profiled nmethods': size=120000Kb used=5958Kb max_used=5958Kb free=114041Kb
 bounds [0x00000259f2150000, 0x00000259f2730000, 0x00000259f9680000]
CodeHeap 'profiled nmethods': size=120000Kb used=26203Kb max_used=26203Kb free=93796Kb
 bounds [0x00000259eac20000, 0x00000259ec5c0000, 0x00000259f2150000]
CodeHeap 'non-nmethods': size=5760Kb used=2327Kb max_used=2368Kb free=3432Kb
 bounds [0x00000259ea680000, 0x00000259ea8f0000, 0x00000259eac20000]
 total_blobs=13889 nmethods=12937 adapters=863
 compilation: enabled
              stopped_count=0, restarted_count=0
 full_count=0

Compilation events (20 events):
Event: 110.189 Thread 0x00000259feff8800 nmethod 13384 0x00000259ec5ad790 code [0x00000259ec5ad980, 0x00000259ec5adea8]
Event: 110.189 Thread 0x00000259feff8800 13385       3       com.sun.tools.javac.code.Types$5::visitClassType (10 bytes)
Event: 110.189 Thread 0x00000259feff8800 nmethod 13385 0x00000259ec5ae110 code [0x00000259ec5ae2e0, 0x00000259ec5ae508]
Event: 110.189 Thread 0x00000259feff8800 13386       3       com.sun.tools.javac.code.Types$5::visitClassType (387 bytes)
Event: 110.201 Thread 0x00000259feff8800 nmethod 13386 0x00000259ec5ae610 code [0x00000259ec5aecc0, 0x00000259ec5b3408]
Event: 110.313 Thread 0x00000259feff8800 13388       3       com.sun.tools.javac.jvm.ClassWriter$CWSignatureGenerator::assembleSig (66 bytes)
Event: 110.315 Thread 0x00000259feff8800 nmethod 13388 0x00000259ec5b4610 code [0x00000259ec5b4880, 0x00000259ec5b5358]
Event: 110.315 Thread 0x00000259feff8800 13387       1       com.sun.tools.javac.util.ListBuffer::length (5 bytes)
Event: 110.315 Thread 0x00000259feff8800 nmethod 13387 0x00000259f2720c90 code [0x00000259f2720e40, 0x00000259f2720ef8]
Event: 110.321 Thread 0x00000259feff8800 13389       3       com.sun.tools.javac.code.Types::hashCode (7 bytes)
Event: 110.322 Thread 0x00000259feff8800 nmethod 13389 0x00000259ec5b5790 code [0x00000259ec5b5980, 0x00000259ec5b5d48]
Event: 110.322 Thread 0x00000259feff8800 13390       3       com.sun.tools.javac.code.Types::hashCode (31 bytes)
Event: 110.323 Thread 0x00000259feff8800 nmethod 13390 0x00000259ec5b5e90 code [0x00000259ec5b60a0, 0x00000259ec5b6638]
Event: 110.323 Thread 0x00000259feff8800 13391       3       com.sun.tools.javac.code.Type::allparams (4 bytes)
Event: 110.323 Thread 0x00000259feff8800 nmethod 13391 0x00000259ec5b6810 code [0x00000259ec5b69c0, 0x00000259ec5b6b18]
Event: 110.713 Thread 0x00000259feff3000 13392       4       java.lang.invoke.MemberName::initResolved (53 bytes)
Event: 110.722 Thread 0x00000259feff3000 nmethod 13392 0x00000259f2720f90 code [0x00000259f2721120, 0x00000259f2721238]
Event: 111.367 Thread 0x00000259feff3000 13393 %     4       javax.management.ObjectName::construct @ 822 (1135 bytes)
Event: 112.343 Thread 0x00000259feff8800 13395       3       java.util.concurrent.LinkedBlockingDeque$AbstractItr::hasNext (13 bytes)
Event: 112.412 Thread 0x00000259feff8800 nmethod 13395 0x00000259ec5b6c10 code [0x00000259ec5b6dc0, 0x00000259ec5b6f18]

GC Heap History (20 events):
Event: 20.741 GC heap before
{Heap before GC invocations=27 (full 0):
 garbage-first heap   total 133120K, used 103559K [0x0000000080000000, 0x0000000100000000)
  region size 1024K, 43 young (44032K), 6 survivors (6144K)
 Metaspace       used 75146K, capacity 76837K, committed 76928K, reserved 1116160K
  class space    used 9667K, capacity 10317K, committed 10368K, reserved 1048576K
}
Event: 20.765 GC heap after
{Heap after GC invocations=28 (full 0):
 garbage-first heap   total 133120K, used 68444K [0x0000000080000000, 0x0000000100000000)
  region size 1024K, 6 young (6144K), 6 survivors (6144K)
 Metaspace       used 75146K, capacity 76837K, committed 76928K, reserved 1116160K
  class space    used 9667K, capacity 10317K, committed 10368K, reserved 1048576K
}
Event: 21.452 GC heap before
{Heap before GC invocations=29 (full 0):
 garbage-first heap   total 133120K, used 106332K [0x0000000080000000, 0x0000000100000000)
  region size 1024K, 43 young (44032K), 6 survivors (6144K)
 Metaspace       used 78572K, capacity 80300K, committed 80512K, reserved 1118208K
  class space    used 10167K, capacity 10803K, committed 10880K, reserved 1048576K
}
Event: 21.471 GC heap after
{Heap after GC invocations=30 (full 0):
 garbage-first heap   total 159744K, used 70570K [0x0000000080000000, 0x0000000100000000)
  region size 1024K, 5 young (5120K), 5 survivors (5120K)
 Metaspace       used 78572K, capacity 80300K, committed 80512K, reserved 1118208K
  class space    used 10167K, capacity 10803K, committed 10880K, reserved 1048576K
}
Event: 22.550 GC heap before
{Heap before GC invocations=30 (full 0):
 garbage-first heap   total 159744K, used 116650K [0x0000000080000000, 0x0000000100000000)
  region size 1024K, 51 young (52224K), 5 survivors (5120K)
 Metaspace       used 82744K, capacity 84533K, committed 84608K, reserved 1122304K
  class space    used 10661K, capacity 11324K, committed 11392K, reserved 1048576K
}
Event: 22.574 GC heap after
{Heap after GC invocations=31 (full 0):
 garbage-first heap   total 159744K, used 76018K [0x0000000080000000, 0x0000000100000000)
  region size 1024K, 7 young (7168K), 7 survivors (7168K)
 Metaspace       used 82744K, capacity 84533K, committed 84608K, reserved 1122304K
  class space    used 10661K, capacity 11324K, committed 11392K, reserved 1048576K
}
Event: 24.562 GC heap before
{Heap before GC invocations=31 (full 0):
 garbage-first heap   total 159744K, used 122098K [0x0000000080000000, 0x0000000100000000)
  region size 1024K, 53 young (54272K), 7 survivors (7168K)
 Metaspace       used 86211K, capacity 88298K, committed 88576K, reserved 1126400K
  class space    used 11123K, capacity 11934K, committed 12032K, reserved 1048576K
}
Event: 24.625 GC heap after
{Heap after GC invocations=32 (full 0):
 garbage-first heap   total 159744K, used 80621K [0x0000000080000000, 0x0000000100000000)
  region size 1024K, 5 young (5120K), 5 survivors (5120K)
 Metaspace       used 86211K, capacity 88298K, committed 88576K, reserved 1126400K
  class space    used 11123K, capacity 11934K, committed 12032K, reserved 1048576K
}
Event: 26.374 GC heap before
{Heap before GC invocations=32 (full 0):
 garbage-first heap   total 159744K, used 125677K [0x0000000080000000, 0x0000000100000000)
  region size 1024K, 50 young (51200K), 5 survivors (5120K)
 Metaspace       used 86581K, capacity 88682K, committed 88832K, reserved 1126400K
  class space    used 11128K, capacity 11941K, committed 12032K, reserved 1048576K
}
Event: 26.399 GC heap after
{Heap after GC invocations=33 (full 0):
 garbage-first heap   total 159744K, used 83703K [0x0000000080000000, 0x0000000100000000)
  region size 1024K, 3 young (3072K), 3 survivors (3072K)
 Metaspace       used 86581K, capacity 88682K, committed 88832K, reserved 1126400K
  class space    used 11128K, capacity 11941K, committed 12032K, reserved 1048576K
}
Event: 27.387 GC heap before
{Heap before GC invocations=34 (full 0):
 garbage-first heap   total 159744K, used 128759K [0x0000000080000000, 0x0000000100000000)
  region size 1024K, 48 young (49152K), 3 survivors (3072K)
 Metaspace       used 87120K, capacity 89325K, committed 89600K, reserved 1126400K
  class space    used 11173K, capacity 11995K, committed 12032K, reserved 1048576K
}
Event: 27.399 GC heap after
{Heap after GC invocations=35 (full 0):
 garbage-first heap   total 211968K, used 85935K [0x0000000080000000, 0x0000000100000000)
  region size 1024K, 6 young (6144K), 6 survivors (6144K)
 Metaspace       used 87120K, capacity 89325K, committed 89600K, reserved 1126400K
  class space    used 11173K, capacity 11995K, committed 12032K, reserved 1048576K
}
Event: 28.328 GC heap before
{Heap before GC invocations=35 (full 0):
 garbage-first heap   total 211968K, used 149423K [0x0000000080000000, 0x0000000100000000)
  region size 1024K, 69 young (70656K), 6 survivors (6144K)
 Metaspace       used 87679K, capacity 89895K, committed 90240K, reserved 1128448K
  class space    used 11239K, capacity 12040K, committed 12160K, reserved 1048576K
}
Event: 28.342 GC heap after
{Heap after GC invocations=36 (full 0):
 garbage-first heap   total 211968K, used 89751K [0x0000000080000000, 0x0000000100000000)
  region size 1024K, 7 young (7168K), 7 survivors (7168K)
 Metaspace       used 87679K, capacity 89895K, committed 90240K, reserved 1128448K
  class space    used 11239K, capacity 12040K, committed 12160K, reserved 1048576K
}
Event: 29.844 GC heap before
{Heap before GC invocations=36 (full 0):
 garbage-first heap   total 211968K, used 170647K [0x0000000080000000, 0x0000000100000000)
  region size 1024K, 87 young (89088K), 7 survivors (7168K)
 Metaspace       used 92257K, capacity 94453K, committed 94592K, reserved 1130496K
  class space    used 11808K, capacity 12617K, committed 12672K, reserved 1048576K
}
Event: 29.875 GC heap after
{Heap after GC invocations=37 (full 0):
 garbage-first heap   total 211968K, used 93166K [0x0000000080000000, 0x0000000100000000)
  region size 1024K, 8 young (8192K), 8 survivors (8192K)
 Metaspace       used 92257K, capacity 94453K, committed 94592K, reserved 1130496K
  class space    used 11808K, capacity 12617K, committed 12672K, reserved 1048576K
}
Event: 56.050 GC heap before
{Heap before GC invocations=37 (full 0):
 garbage-first heap   total 211968K, used 173038K [0x0000000080000000, 0x0000000100000000)
  region size 1024K, 86 young (88064K), 8 survivors (8192K)
 Metaspace       used 96514K, capacity 98965K, committed 99072K, reserved 1134592K
  class space    used 12405K, capacity 13292K, committed 13312K, reserved 1048576K
}
Event: 56.225 GC heap after
{Heap after GC invocations=38 (full 0):
 garbage-first heap   total 211968K, used 96787K [0x0000000080000000, 0x0000000100000000)
  region size 1024K, 7 young (7168K), 7 survivors (7168K)
 Metaspace       used 96514K, capacity 98965K, committed 99072K, reserved 1134592K
  class space    used 12405K, capacity 13292K, committed 13312K, reserved 1048576K
}
Event: 68.360 GC heap before
{Heap before GC invocations=38 (full 0):
 garbage-first heap   total 211968K, used 176659K [0x0000000080000000, 0x0000000100000000)
  region size 1024K, 84 young (86016K), 7 survivors (7168K)
 Metaspace       used 103265K, capacity 105772K, committed 105856K, reserved 1140736K
  class space    used 13238K, capacity 14154K, committed 14208K, reserved 1048576K
}
Event: 68.841 GC heap after
{Heap after GC invocations=39 (full 0):
 garbage-first heap   total 211968K, used 109273K [0x0000000080000000, 0x0000000100000000)
  region size 1024K, 11 young (11264K), 11 survivors (11264K)
 Metaspace       used 103265K, capacity 105772K, committed 105856K, reserved 1140736K
  class space    used 13238K, capacity 14154K, committed 14208K, reserved 1048576K
}

Deoptimization events (20 events):
Event: 75.265 Thread 0x0000025986a68800 Uncommon trap: trap_request=0xffffff4d fr.pc=0x00000259f26f5e58 relative=0x00000000000000b8
Event: 75.265 Thread 0x0000025986a68800 Uncommon trap: reason=unstable_if action=reinterpret pc=0x00000259f26f5e58 method=java.time.LocalDate.create(III)Ljava/time/LocalDate; @ 3 c2
Event: 75.265 Thread 0x0000025986a68800 DEOPT PACKING pc=0x00000259f26f5e58 sp=0x000000ec1cef8cf0
Event: 75.265 Thread 0x0000025986a68800 DEOPT UNPACKING pc=0x00000259ea6a78af sp=0x000000ec1cef8c80 mode 2
Event: 77.599 Thread 0x0000025986a68800 DEOPT PACKING pc=0x00000259ebb88a88 sp=0x000000ec1cef9110
Event: 77.601 Thread 0x0000025986a68800 DEOPT UNPACKING pc=0x00000259ea6a76ce sp=0x000000ec1cef8618 mode 0
Event: 77.606 Thread 0x0000025986a68800 Uncommon trap: trap_request=0xffffff4d fr.pc=0x00000259f26c5534 relative=0x0000000000003eb4
Event: 77.610 Thread 0x0000025986a68800 Uncommon trap: reason=unstable_if action=reinterpret pc=0x00000259f26c5534 method=java.nio.file.FileTreeWalker.visit(Ljava/nio/file/Path;ZZ)Ljava/nio/file/FileTreeWalker$Event; @ 53 c2
Event: 77.611 Thread 0x0000025986a68800 DEOPT PACKING pc=0x00000259f26c5534 sp=0x000000ec1cef90c0
Event: 77.611 Thread 0x0000025986a68800 DEOPT UNPACKING pc=0x00000259ea6a78af sp=0x000000ec1cef9088 mode 2
Event: 79.318 Thread 0x0000025986a68800 DEOPT PACKING pc=0x00000259ec484c0f sp=0x000000ec1cef8a80
Event: 79.324 Thread 0x0000025986a68800 DEOPT UNPACKING pc=0x00000259ea6a76ce sp=0x000000ec1cef7f88 mode 0
Event: 79.931 Thread 0x0000025986a68800 Uncommon trap: trap_request=0xffffff4d fr.pc=0x00000259f26fd33c relative=0x000000000000021c
Event: 79.931 Thread 0x0000025986a68800 Uncommon trap: reason=unstable_if action=reinterpret pc=0x00000259f26fd33c method=com.sun.tools.javac.util.Name$Table.equals([BI[BII)Z @ 22 c2
Event: 79.931 Thread 0x0000025986a68800 DEOPT PACKING pc=0x00000259f26fd33c sp=0x000000ec1cef80b0
Event: 79.931 Thread 0x0000025986a68800 DEOPT UNPACKING pc=0x00000259ea6a78af sp=0x000000ec1cef8028 mode 2
Event: 97.772 Thread 0x0000025986a68800 Uncommon trap: trap_request=0xffffffd6 fr.pc=0x00000259f2711ee0 relative=0x00000000000006a0
Event: 97.779 Thread 0x0000025986a68800 Uncommon trap: reason=array_check action=maybe_recompile pc=0x00000259f2711ee0 method=java.util.TimSort.binarySort([Ljava/lang/Object;IIILjava/util/Comparator;)V @ 215 c2
Event: 97.780 Thread 0x0000025986a68800 DEOPT PACKING pc=0x00000259f2711ee0 sp=0x000000ec1cef7a70
Event: 97.786 Thread 0x0000025986a68800 DEOPT UNPACKING pc=0x00000259ea6a78af sp=0x000000ec1cef7a18 mode 2

Classes redefined (0 events):
No events

Internal exceptions (20 events):
Event: 88.683 Thread 0x0000025986a68800 Exception <a 'sun/nio/fs/WindowsException'{0x000000008babc918}> (0x000000008babc918) thrown at [./src/hotspot/share/prims/jni.cpp, line 615]
Event: 88.698 Thread 0x0000025986a68800 Exception <a 'sun/nio/fs/WindowsException'{0x000000008babdad8}> (0x000000008babdad8) thrown at [./src/hotspot/share/prims/jni.cpp, line 615]
Event: 88.704 Thread 0x0000025986a68800 Exception <a 'sun/nio/fs/WindowsException'{0x000000008babecd0}> (0x000000008babecd0) thrown at [./src/hotspot/share/prims/jni.cpp, line 615]
Event: 88.704 Thread 0x0000025986a68800 Exception <a 'sun/nio/fs/WindowsException'{0x000000008babee18}> (0x000000008babee18) thrown at [./src/hotspot/share/prims/jni.cpp, line 615]
Event: 88.707 Thread 0x0000025986a68800 Exception <a 'sun/nio/fs/WindowsException'{0x000000008bac1018}> (0x000000008bac1018) thrown at [./src/hotspot/share/prims/jni.cpp, line 615]
Event: 88.707 Thread 0x0000025986a68800 Exception <a 'sun/nio/fs/WindowsException'{0x000000008bac1150}> (0x000000008bac1150) thrown at [./src/hotspot/share/prims/jni.cpp, line 615]
Event: 88.709 Thread 0x0000025986a68800 Exception <a 'sun/nio/fs/WindowsException'{0x000000008bac3340}> (0x000000008bac3340) thrown at [./src/hotspot/share/prims/jni.cpp, line 615]
Event: 92.917 Thread 0x0000025986a68800 Exception <a 'sun/nio/fs/WindowsException'{0x000000008b936dd8}> (0x000000008b936dd8) thrown at [./src/hotspot/share/prims/jni.cpp, line 615]
Event: 92.923 Thread 0x0000025986a68800 Exception <a 'sun/nio/fs/WindowsException'{0x000000008b936f10}> (0x000000008b936f10) thrown at [./src/hotspot/share/prims/jni.cpp, line 615]
Event: 93.383 Thread 0x0000025986a68800 Exception <a 'sun/nio/fs/WindowsException'{0x000000008b96ee28}> (0x000000008b96ee28) thrown at [./src/hotspot/share/prims/jni.cpp, line 615]
Event: 93.384 Thread 0x0000025986a68800 Exception <a 'sun/nio/fs/WindowsException'{0x000000008b96ef78}> (0x000000008b96ef78) thrown at [./src/hotspot/share/prims/jni.cpp, line 615]
Event: 93.534 Thread 0x0000025986a68800 Exception <a 'sun/nio/fs/WindowsException'{0x000000008b9daf60}> (0x000000008b9daf60) thrown at [./src/hotspot/share/prims/jni.cpp, line 615]
Event: 93.534 Thread 0x0000025986a68800 Exception <a 'sun/nio/fs/WindowsException'{0x000000008b9db0b0}> (0x000000008b9db0b0) thrown at [./src/hotspot/share/prims/jni.cpp, line 615]
Event: 101.503 Thread 0x0000025986a68800 Exception <a 'sun/nio/fs/WindowsException'{0x000000008b8e1048}> (0x000000008b8e1048) thrown at [./src/hotspot/share/prims/jni.cpp, line 615]
Event: 101.616 Thread 0x0000025986a68800 Exception <a 'sun/nio/fs/WindowsException'{0x000000008b8e2290}> (0x000000008b8e2290) thrown at [./src/hotspot/share/prims/jni.cpp, line 615]
Event: 106.428 Thread 0x0000025986a68800 Exception <a 'java/lang/NoSuchMethodError'{0x000000008b766aa0}: 'int java.lang.invoke.DirectMethodHandle$Holder.invokeVirtual(java.lang.Object, java.lang.Object, java.lang.Object, java.lang.Object)'> (0x000000008b766aa0) thrown at [./src/hotspot/share/interpreter/linkResolver.cpp, line 773]
Event: 108.931 Thread 0x0000025986a68800 Exception <a 'sun/nio/fs/WindowsException'{0x000000008b688048}> (0x000000008b688048) thrown at [./src/hotspot/share/prims/jni.cpp, line 615]
Event: 108.934 Thread 0x0000025986a68800 Exception <a 'sun/nio/fs/WindowsException'{0x000000008b688190}> (0x000000008b688190) thrown at [./src/hotspot/share/prims/jni.cpp, line 615]
Event: 109.741 Thread 0x0000025986a68800 Exception <a 'sun/nio/fs/WindowsException'{0x000000008b6fe058}> (0x000000008b6fe058) thrown at [./src/hotspot/share/prims/jni.cpp, line 615]
Event: 110.141 Thread 0x0000025986a68800 Exception <a 'sun/nio/fs/WindowsException'{0x000000008b542f70}> (0x000000008b542f70) thrown at [./src/hotspot/share/prims/jni.cpp, line 615]

Events (20 events):
Event: 109.168 loading class com/sun/tools/javac/comp/DeferredAttr
Event: 109.168 loading class com/sun/tools/javac/comp/DeferredAttr done
Event: 109.183 loading class com/sun/tools/javac/tree/JCTree
Event: 109.183 loading class com/sun/tools/javac/tree/JCTree done
Event: 109.187 loading class com/sun/tools/javac/util/JCDiagnostic
Event: 109.187 loading class com/sun/tools/javac/util/JCDiagnostic done
Event: 109.187 loading class com/sun/tools/javac/tree/JCTree
Event: 109.187 loading class com/sun/tools/javac/tree/JCTree done
Event: 109.514 loading class com/sun/tools/javac/tree/JCTree
Event: 109.514 loading class com/sun/tools/javac/tree/JCTree done
Event: 110.405 loading class java/util/EnumMap$Values
Event: 110.508 loading class java/util/EnumMap$Values done
Event: 110.511 loading class java/util/EnumMap$ValueIterator
Event: 110.537 loading class java/util/EnumMap$ValueIterator done
Event: 110.698 loading class com/sun/tools/javac/util/ListBuffer
Event: 110.698 loading class com/sun/tools/javac/util/ListBuffer done
Event: 110.721 loading class com/sun/tools/javac/util/ListBuffer
Event: 110.721 loading class com/sun/tools/javac/util/ListBuffer done
Event: 111.086 Executing VM operation: RevokeBias
Event: 111.094 Executing VM operation: RevokeBias done


Dynamic libraries:
0x00007ff699d40000 - 0x00007ff699d4a000 	C:\Program Files\Android\Android Studio\jre\bin\java.exe
0x00007ff99d930000 - 0x00007ff99db25000 	C:\WINDOWS\SYSTEM32\ntdll.dll
0x00007ff99c170000 - 0x00007ff99c22d000 	C:\WINDOWS\System32\KERNEL32.DLL
0x00007ff99b420000 - 0x00007ff99b6ed000 	C:\WINDOWS\System32\KERNELBASE.dll
0x00007ff99b880000 - 0x00007ff99b980000 	C:\WINDOWS\System32\ucrtbase.dll
0x00007ff97e930000 - 0x00007ff97e947000 	C:\Program Files\Android\Android Studio\jre\bin\VCRUNTIME140.dll
0x00007ff97c640000 - 0x00007ff97c659000 	C:\Program Files\Android\Android Studio\jre\bin\jli.dll
0x00007ff99c3a0000 - 0x00007ff99c540000 	C:\WINDOWS\System32\USER32.dll
0x00007ff99b360000 - 0x00007ff99b382000 	C:\WINDOWS\System32\win32u.dll
0x00007ff99c740000 - 0x00007ff99c76a000 	C:\WINDOWS\System32\GDI32.dll
0x00007ff99b6f0000 - 0x00007ff99b7fb000 	C:\WINDOWS\System32\gdi32full.dll
0x00007ff99b040000 - 0x00007ff99b0dd000 	C:\WINDOWS\System32\msvcp_win.dll
0x00007ff976100000 - 0x00007ff97639a000 	C:\WINDOWS\WinSxS\amd64_microsoft.windows.common-controls_6595b64144ccf1df_6.0.19041.1110_none_60b5254171f9507e\COMCTL32.dll
0x00007ff99cab0000 - 0x00007ff99cb4e000 	C:\WINDOWS\System32\msvcrt.dll
0x00007ff99cc00000 - 0x00007ff99cc30000 	C:\WINDOWS\System32\IMM32.DLL
0x00007ff969ab0000 - 0x00007ff969b4d000 	C:\Program Files\Android\Android Studio\jre\bin\msvcp140.dll
0x00007ff93c030000 - 0x00007ff93caff000 	C:\Program Files\Android\Android Studio\jre\bin\server\jvm.dll
0x00007ff99c850000 - 0x00007ff99c8fe000 	C:\WINDOWS\System32\ADVAPI32.dll
0x00007ff99b980000 - 0x00007ff99ba1c000 	C:\WINDOWS\System32\sechost.dll
0x00007ff99c540000 - 0x00007ff99c665000 	C:\WINDOWS\System32\RPCRT4.dll
0x00007ff99d850000 - 0x00007ff99d858000 	C:\WINDOWS\System32\PSAPI.DLL
0x00007ff98d410000 - 0x00007ff98d437000 	C:\WINDOWS\SYSTEM32\WINMM.dll
0x00007ff9959c0000 - 0x00007ff9959c9000 	C:\WINDOWS\SYSTEM32\WSOCK32.dll
0x00007ff995080000 - 0x00007ff99508a000 	C:\WINDOWS\SYSTEM32\VERSION.dll
0x00007ff99c670000 - 0x00007ff99c6db000 	C:\WINDOWS\System32\WS2_32.dll
0x00007ff9998d0000 - 0x00007ff9998e2000 	C:\WINDOWS\SYSTEM32\kernel.appcore.dll
0x00007ff995620000 - 0x00007ff995631000 	C:\Program Files\Android\Android Studio\jre\bin\verify.dll
0x00007ff998e40000 - 0x00007ff999024000 	C:\WINDOWS\SYSTEM32\DBGHELP.DLL
0x00007ff993040000 - 0x00007ff99306c000 	C:\WINDOWS\SYSTEM32\dbgcore.DLL
0x00007ff99b390000 - 0x00007ff99b412000 	C:\WINDOWS\System32\bcryptPrimitives.dll
0x00007ff987170000 - 0x00007ff987199000 	C:\Program Files\Android\Android Studio\jre\bin\java.dll
0x00007ff995500000 - 0x00007ff99550b000 	C:\Program Files\Android\Android Studio\jre\bin\jimage.dll
0x00007ff9942e0000 - 0x00007ff9942f8000 	C:\Program Files\Android\Android Studio\jre\bin\zip.dll
0x00007ff99ba20000 - 0x00007ff99c164000 	C:\WINDOWS\System32\SHELL32.dll
0x00007ff999120000 - 0x00007ff9998b4000 	C:\WINDOWS\SYSTEM32\windows.storage.dll
0x00007ff99d160000 - 0x00007ff99d4b4000 	C:\WINDOWS\System32\combase.dll
0x00007ff99aaa0000 - 0x00007ff99aacc000 	C:\WINDOWS\SYSTEM32\Wldp.dll
0x00007ff99d0b0000 - 0x00007ff99d15d000 	C:\WINDOWS\System32\SHCORE.dll
0x00007ff99d520000 - 0x00007ff99d575000 	C:\WINDOWS\System32\shlwapi.dll
0x00007ff99af80000 - 0x00007ff99af9f000 	C:\WINDOWS\SYSTEM32\profapi.dll
0x00007ff994220000 - 0x00007ff99423a000 	C:\Program Files\Android\Android Studio\jre\bin\net.dll
0x00007ff991330000 - 0x00007ff99143a000 	C:\WINDOWS\SYSTEM32\WINHTTP.dll
0x00007ff99a800000 - 0x00007ff99a86a000 	C:\WINDOWS\system32\mswsock.dll
0x00007ff98f6a0000 - 0x00007ff98f6b4000 	C:\Program Files\Android\Android Studio\jre\bin\nio.dll
0x00007ff97c6b0000 - 0x00007ff97c6d7000 	C:\Users\LENOVO\AndroidStudioProjects\java1\native\8bec1ad78214c89d9ad589b4d07fe93259594b29d510b10fafb7a158f7737e5d\windows-amd64\native-platform.dll
0x00007ff944d10000 - 0x00007ff944e4d000 	C:\Users\LENOVO\AndroidStudioProjects\java1\native\53dbd7edfb1c66fb8903c78663c9afc45aea4f116125fa6feffd364cf09443e8\windows-amd64\native-platform-file-events.dll
0x00007ff995330000 - 0x00007ff99533a000 	C:\Program Files\Android\Android Studio\jre\bin\management.dll
0x00007ff994720000 - 0x00007ff99472c000 	C:\Program Files\Android\Android Studio\jre\bin\management_ext.dll
0x00007ff99a9f0000 - 0x00007ff99aa08000 	C:\WINDOWS\SYSTEM32\CRYPTSP.dll
0x00007ff99a110000 - 0x00007ff99a144000 	C:\WINDOWS\system32\rsaenh.dll
0x00007ff99b850000 - 0x00007ff99b877000 	C:\WINDOWS\System32\bcrypt.dll
0x00007ff99af40000 - 0x00007ff99af6e000 	C:\WINDOWS\SYSTEM32\USERENV.dll
0x00007ff99aa10000 - 0x00007ff99aa1c000 	C:\WINDOWS\SYSTEM32\CRYPTBASE.dll
0x00007ff99a4a0000 - 0x00007ff99a4db000 	C:\WINDOWS\SYSTEM32\IPHLPAPI.DLL
0x00007ff99d8e0000 - 0x00007ff99d8e8000 	C:\WINDOWS\System32\NSI.dll
0x00007ff993110000 - 0x00007ff993127000 	C:\WINDOWS\SYSTEM32\dhcpcsvc6.DLL
0x00007ff9930f0000 - 0x00007ff99310d000 	C:\WINDOWS\SYSTEM32\dhcpcsvc.DLL
0x00007ff99a4e0000 - 0x00007ff99a5ab000 	C:\WINDOWS\SYSTEM32\DNSAPI.dll
0x00007ff994280000 - 0x00007ff994288000 	C:\Program Files\Android\Android Studio\jre\bin\rmi.dll
0x00007ff976b30000 - 0x00007ff976b47000 	C:\WINDOWS\system32\napinsp.dll
0x00007ff976a50000 - 0x00007ff976a6b000 	C:\WINDOWS\system32\pnrpnsp.dll
0x00007ff996200000 - 0x00007ff996215000 	C:\WINDOWS\system32\wshbth.dll
0x00007ff993810000 - 0x00007ff99382d000 	C:\WINDOWS\system32\NLAapi.dll
0x00007ff976800000 - 0x00007ff976812000 	C:\WINDOWS\System32\winrnr.dll
0x00007ff994590000 - 0x00007ff99459a000 	C:\Windows\System32\rasadhlp.dll
0x00007ff991020000 - 0x00007ff9910a0000 	C:\WINDOWS\System32\fwpuclnt.dll

dbghelp: loaded successfully - version: 4.0.5 - missing functions: none
symbol engine: initialized successfully - sym options: 0x614 - pdb path: .;C:\Program Files\Android\Android Studio\jre\bin;C:\WINDOWS\SYSTEM32;C:\WINDOWS\WinSxS\amd64_microsoft.windows.common-controls_6595b64144ccf1df_6.0.19041.1110_none_60b5254171f9507e;C:\Program Files\Android\Android Studio\jre\bin\server;C:\Users\LENOVO\AndroidStudioProjects\java1\native\8bec1ad78214c89d9ad589b4d07fe93259594b29d510b10fafb7a158f7737e5d\windows-amd64;C:\Users\LENOVO\AndroidStudioProjects\java1\native\53dbd7edfb1c66fb8903c78663c9afc45aea4f116125fa6feffd364cf09443e8\windows-amd64

VM Arguments:
jvm_args: --add-opens=java.base/java.util=ALL-UNNAMED --add-opens=java.base/java.lang=ALL-UNNAMED --add-opens=java.base/java.lang.invoke=ALL-UNNAMED --add-opens=java.base/java.util=ALL-UNNAMED --add-opens=java.prefs/java.util.prefs=ALL-UNNAMED --add-opens=java.prefs/java.util.prefs=ALL-UNNAMED --add-opens=java.base/java.nio.charset=ALL-UNNAMED --add-opens=java.base/java.net=ALL-UNNAMED --add-opens=java.base/java.util.concurrent.atomic=ALL-UNNAMED -Xmx2048m -Dfile.encoding=UTF-8 -Duser.country=TR -Duser.language=tr -Duser.variant 
java_command: org.gradle.launcher.daemon.bootstrap.GradleDaemon 7.0.2
java_class_path (initial): C:\Users\LENOVO\AndroidStudioProjects\java1\wrapper\dists\gradle-7.0.2-bin\857tjihv64xamwrf0h14cai3r\gradle-7.0.2\lib\gradle-launcher-7.0.2.jar
Launcher Type: SUN_STANDARD

[Global flags]
     intx CICompilerCount                          = 4                                         {product} {ergonomic}
     uint ConcGCThreads                            = 2                                         {product} {ergonomic}
     uint G1ConcRefinementThreads                  = 8                                         {product} {ergonomic}
   size_t G1HeapRegionSize                         = 1048576                                   {product} {ergonomic}
    uintx GCDrainStackTargetSize                   = 64                                        {product} {ergonomic}
   size_t InitialHeapSize                          = 65011712                                  {product} {ergonomic}
   size_t MarkStackSize                            = 4194304                                   {product} {ergonomic}
   size_t MaxHeapSize                              = 2147483648                                {product} {command line}
   size_t MaxNewSize                               = 1287651328                                {product} {ergonomic}
   size_t MinHeapDeltaBytes                        = 1048576                                   {product} {ergonomic}
    uintx NonNMethodCodeHeapSize                   = 5836300                                {pd product} {ergonomic}
    uintx NonProfiledCodeHeapSize                  = 122910970                              {pd product} {ergonomic}
    uintx ProfiledCodeHeapSize                     = 122910970                              {pd product} {ergonomic}
    uintx ReservedCodeCacheSize                    = 251658240                              {pd product} {ergonomic}
     bool SegmentedCodeCache                       = true                                      {product} {ergonomic}
     bool UseCompressedClassPointers               = true                                 {lp64_product} {ergonomic}
     bool UseCompressedOops                        = true                                 {lp64_product} {ergonomic}
     bool UseG1GC                                  = true                                      {product} {ergonomic}
     bool UseLargePagesIndividualAllocation        = false                                  {pd product} {ergonomic}

Logging:
Log output configuration:
 #0: stdout all=warning uptime,level,tags
 #1: stderr all=off uptime,level,tags

Environment Variables:
JAVA_HOME=C:\Program Files\OpenJDK\openjdk-8u312-b07
PATH=C:\Program Files\Common Files\Oracle\Java\javapath;C:\Program Files (x86)\Common Files\Oracle\Java\javapath;C:\Windows\system32;C:\Windows;C:\Windows\System32\Wbem;C:\Windows\System32\WindowsPowerShell\v1.0\;C:\Windows\System32\OpenSSH\;C:\Program Files\NVIDIA Corporation\NVIDIA NvDLISR;C:\WINDOWS\system32;C:\WINDOWS;C:\WINDOWS\System32\Wbem;C:\WINDOWS\System32\WindowsPowerShell\v1.0\;C:\WINDOWS\System32\OpenSSH\;C:\ProgramData\chocolatey\bin;C:\Program Files\OpenJDK\openjdk-8u312-b07\bin;C:\Users\LENOVO\AppData\Local\Android\Sdk\platform-tools;C:\Program Files\Git\cmd;C:\Users\LENOVO\AppData\Local\Programs\Python\Python310\Scripts\;C:\Users\LENOVO\AppData\Local\Programs\Python\Python310\;C:\Users\LENOVO\AppData\Local\Microsoft\WindowsApps;C:\Program Files (x86)\mingw-w64\i686-8.1.0-posix-dwarf-rt_v6-rev0\mingw32\bin;C:\Users\LENOVO\AppData\Local\GitHubDesktop\bin
USERNAME=LENOVO
OS=Windows_NT
PROCESSOR_IDENTIFIER=Intel64 Family 6 Model 142 Stepping 12, GenuineIntel



---------------  S Y S T E M  ---------------

OS: Windows 10 , 64 bit Build 19041 (10.0.19041.1706)
OS uptime: 12 days 14:08 hours

CPU:total 8 (initial active 8) (4 cores per cpu, 2 threads per core) family 6 model 142 stepping 12 microcode 0xc6, cmov, cx8, fxsr, mmx, sse, sse2, sse3, ssse3, sse4.1, sse4.2, popcnt, avx, avx2, aes, clmul, erms, 3dnowpref, lzcnt, ht, tsc, tscinvbit, bmi1, bmi2, adx, fma

Memory: 4k page, system-wide physical 3929M (6M free)
TotalPageFile size 16217M (AvailPageFile size 0M)
current process WorkingSet (physical memory assigned to process): 19M, peak: 365M
current process commit charge ("private bytes"): 501M, peak: 511M

vm_info: OpenJDK 64-Bit Server VM (11.0.10+0-b96-7249189) for windows-amd64 JRE (11.0.10+0-b96-7249189), built on Mar 31 2021 21:44:00 by "builder" with MS VC++ 14.0 (VS2015)

END.
